[1029/195727.773:ERROR:directory_reader_win.cc(43)] FindFirstFile: The system cannot find the path specified. (0x3)
[1030/090647.074:ERROR:directory_reader_win.cc(43)] FindFirstFile: The system cannot find the path specified. (0x3)
[1031/144449.281:ERROR:directory_reader_win.cc(43)] FindFirstFile: The system cannot find the path specified. (0x3)
[1101/000439.120:ERROR:process_memory_win.cc(73)] ReadMemory at 0x7ff631e00000 of 64 bytes failed: Only part of a ReadProcessMemory or WriteProcessMemory request was completed. (0x12B)
[1101/000439.366:WARNING:pe_image_reader.cc(340)] could not read dos header from C:\Program Files (x86)\Google\Chrome\Application\chrome.exe
[1101/000439.366:ERROR:process_memory_win.cc(73)] ReadMemory at 0x7fffa47b0000 of 64 bytes failed: Only part of a ReadProcessMemory or WriteProcessMemory request was completed. (0x12B)
[1101/000439.367:WARNING:pe_image_reader.cc(340)] could not read dos header from C:\Windows\SYSTEM32\ntdll.dll
[1101/000439.367:ERROR:process_memory_win.cc(73)] ReadMemory at 0x7fffa25c0000 of 64 bytes failed: Only part of a ReadProcessMemory or WriteProcessMemory request was completed. (0x12B)
[1101/000439.367:WARNING:pe_image_reader.cc(340)] could not read dos header from C:\Windows\System32\KERNEL32.DLL
[1101/000439.367:ERROR:process_memory_win.cc(73)] ReadMemory at 0x7fffa11a0000 of 64 bytes failed: Only part of a ReadProcessMemory or WriteProcessMemory request was completed. (0x12B)
[1101/000439.367:WARNING:pe_image_reader.cc(340)] could not read dos header from C:\Windows\System32\KERNELBASE.dll
[1101/000439.367:ERROR:process_memory_win.cc(73)] ReadMemory at 0x7fff66900000 of 64 bytes failed: Only part of a ReadProcessMemory or WriteProcessMemory request was completed. (0x12B)
[1101/000439.367:WARNING:pe_image_reader.cc(340)] could not read dos header from C:\Program Files (x86)\Google\Chrome\Application\86.0.4240.111\chrome_elf.dll
[1101/000439.367:ERROR:process_memory_win.cc(73)] ReadMemory at 0x7fff99260000 of 64 bytes failed: Only part of a ReadProcessMemory or WriteProcessMemory request was completed. (0x12B)
[1101/000439.367:WARNING:pe_image_reader.cc(340)] could not read dos header from C:\Windows\SYSTEM32\VERSION.dll
[1101/000439.367:ERROR:process_memory_win.cc(73)] ReadMemory at 0x7fffa1bf0000 of 64 bytes failed: Only part of a ReadProcessMemory or WriteProcessMemory request was completed. (0x12B)
[1101/000439.367:WARNING:pe_image_reader.cc(340)] could not read dos header from C:\Windows\System32\msvcrt.dll
[1101/000439.367:ERROR:process_memory_win.cc(73)] ReadMemory at 0x7fffa15e0000 of 64 bytes failed: Only part of a ReadProcessMemory or WriteProcessMemory request was completed. (0x12B)
[1101/000439.367:WARNING:pe_image_reader.cc(340)] could not read dos header from C:\Windows\System32\bcryptPrimitives.dll
[1101/000439.367:ERROR:process_memory_win.cc(73)] ReadMemory at 0x7fffa4020000 of 64 bytes failed: Only part of a ReadProcessMemory or WriteProcessMemory request was completed. (0x12B)
[1101/000439.367:WARNING:pe_image_reader.cc(340)] could not read dos header from C:\Windows\System32\ADVAPI32.dll
[1101/000439.367:ERROR:process_memory_win.cc(73)] ReadMemory at 0x7fffa3e20000 of 64 bytes failed: Only part of a ReadProcessMemory or WriteProcessMemory request was completed. (0x12B)
[1101/000439.367:WARNING:pe_image_reader.cc(340)] could not read dos header from C:\Windows\System32\sechost.dll
[1101/000439.367:ERROR:process_memory_win.cc(73)] ReadMemory at 0x7fffa4430000 of 64 bytes failed: Only part of a ReadProcessMemory or WriteProcessMemory request was completed. (0x12B)
[1101/000439.367:WARNING:pe_image_reader.cc(340)] could not read dos header from C:\Windows\System32\RPCRT4.dll
[1101/000439.367:ERROR:process_memory_win.cc(73)] ReadMemory at 0x7fff4a660000 of 64 bytes failed: Only part of a ReadProcessMemory or WriteProcessMemory request was completed. (0x12B)
[1101/000439.367:WARNING:pe_image_reader.cc(340)] could not read dos header from C:\Program Files (x86)\Google\Chrome\Application\86.0.4240.111\chrome.dll
[1101/000439.367:ERROR:process_memory_win.cc(73)] ReadMemory at 0x7fffa4560000 of 64 bytes failed: Only part of a ReadProcessMemory or WriteProcessMemory request was completed. (0x12B)
[1101/000439.367:WARNING:pe_image_reader.cc(340)] could not read dos header from C:\Windows\System32\WS2_32.dll
[1101/000439.367:ERROR:process_memory_win.cc(73)] ReadMemory at 0x7fffa3d20000 of 64 bytes failed: Only part of a ReadProcessMemory or WriteProcessMemory request was completed. (0x12B)
[1101/000439.367:WARNING:pe_image_reader.cc(340)] could not read dos header from C:\Windows\System32\OLEAUT32.dll
[1101/000439.367:ERROR:process_memory_win.cc(73)] ReadMemory at 0x7fffa1910000 of 64 bytes failed: Only part of a ReadProcessMemory or WriteProcessMemory request was completed. (0x12B)
[1101/000439.367:WARNING:pe_image_reader.cc(340)] could not read dos header from C:\Windows\System32\msvcp_win.dll
[1101/000439.367:ERROR:process_memory_win.cc(73)] ReadMemory at 0x7fffa0910000 of 64 bytes failed: Only part of a ReadProcessMemory or WriteProcessMemory request was completed. (0x12B)
[1101/000439.367:WARNING:pe_image_reader.cc(340)] could not read dos header from C:\Windows\System32\ucrtbase.dll
[1101/000439.367:ERROR:process_memory_win.cc(73)] ReadMemory at 0x7fffa2280000 of 64 bytes failed: Only part of a ReadProcessMemory or WriteProcessMemory request was completed. (0x12B)
[1101/000439.367:WARNING:pe_image_reader.cc(340)] could not read dos header from C:\Windows\System32\combase.dll
[1101/000439.367:ERROR:process_memory_win.cc(73)] ReadMemory at 0x7fffa16d0000 of 64 bytes failed: Only part of a ReadProcessMemory or WriteProcessMemory request was completed. (0x12B)
[1101/000439.367:WARNING:pe_image_reader.cc(340)] could not read dos header from C:\Windows\System32\WINTRUST.dll
[1101/000439.367:ERROR:process_memory_win.cc(73)] ReadMemory at 0x7fffa0810000 of 64 bytes failed: Only part of a ReadProcessMemory or WriteProcessMemory request was completed. (0x12B)
[1101/000439.367:WARNING:pe_image_reader.cc(340)] could not read dos header from C:\Windows\System32\MSASN1.dll
[1101/000439.367:ERROR:process_memory_win.cc(73)] ReadMemory at 0x7fffa1730000 of 64 bytes failed: Only part of a ReadProcessMemory or WriteProcessMemory request was completed. (0x12B)
[1101/000439.367:WARNING:pe_image_reader.cc(340)] could not read dos header from C:\Windows\System32\CRYPT32.dll
[1101/000439.367:ERROR:process_memory_win.cc(73)] ReadMemory at 0x7fff9c5a0000 of 64 bytes failed: Only part of a ReadProcessMemory or WriteProcessMemory request was completed. (0x12B)
[1101/000439.367:WARNING:pe_image_reader.cc(340)] could not read dos header from C:\Windows\SYSTEM32\dbghelp.dll
[1101/000439.367:ERROR:process_memory_win.cc(73)] ReadMemory at 0x7fff9fd20000 of 64 bytes failed: Only part of a ReadProcessMemory or WriteProcessMemory request was completed. (0x12B)
[1101/000439.367:WARNING:pe_image_reader.cc(340)] could not read dos header from C:\Windows\SYSTEM32\IPHLPAPI.DLL
[1101/000439.367:ERROR:process_memory_win.cc(73)] ReadMemory at 0x7fff9e1e0000 of 64 bytes failed: Only part of a ReadProcessMemory or WriteProcessMemory request was completed. (0x12B)
[1101/000439.367:WARNING:pe_image_reader.cc(340)] could not read dos header from C:\Windows\SYSTEM32\WINMM.dll
[1101/000439.367:ERROR:process_memory_win.cc(73)] ReadMemory at 0x7fff793e0000 of 64 bytes failed: Only part of a ReadProcessMemory or WriteProcessMemory request was completed. (0x12B)
[1101/000439.367:WARNING:pe_image_reader.cc(340)] could not read dos header from C:\Windows\SYSTEM32\UIAutomationCore.DLL
[1101/000439.367:ERROR:process_memory_win.cc(73)] ReadMemory at 0x7fff833d0000 of 64 bytes failed: Only part of a ReadProcessMemory or WriteProcessMemory request was completed. (0x12B)
[1101/000439.367:WARNING:pe_image_reader.cc(340)] could not read dos header from C:\Windows\SYSTEM32\Secur32.dll
[1101/000439.368:ERROR:process_memory_win.cc(73)] ReadMemory at 0x7fffa0690000 of 64 bytes failed: Only part of a ReadProcessMemory or WriteProcessMemory request was completed. (0x12B)
[1101/000439.368:WARNING:pe_image_reader.cc(340)] could not read dos header from C:\Windows\SYSTEM32\USERENV.dll
[1101/000439.368:ERROR:process_memory_win.cc(73)] ReadMemory at 0x7fffa0830000 of 64 bytes failed: Only part of a ReadProcessMemory or WriteProcessMemory request was completed. (0x12B)
[1101/000439.368:WARNING:pe_image_reader.cc(340)] could not read dos header from C:\Windows\System32\profapi.dll
[1101/000439.368:ERROR:process_memory_win.cc(73)] ReadMemory at 0x7fff8d7b0000 of 64 bytes failed: Only part of a ReadProcessMemory or WriteProcessMemory request was completed. (0x12B)
[1101/000439.368:WARNING:pe_image_reader.cc(340)] could not read dos header from C:\Windows\SYSTEM32\DWrite.dll
[1101/000439.368:ERROR:process_memory_win.cc(73)] ReadMemory at 0x7fff7f4a0000 of 64 bytes failed: Only part of a ReadProcessMemory or WriteProcessMemory request was completed. (0x12B)
[1101/000439.368:WARNING:pe_image_reader.cc(340)] could not read dos header from C:\Windows\SYSTEM32\WINSPOOL.DRV
[1101/000439.368:ERROR:process_memory_win.cc(73)] ReadMemory at 0x7fffa0790000 of 64 bytes failed: Only part of a ReadProcessMemory or WriteProcessMemory request was completed. (0x12B)
[1101/000439.368:WARNING:pe_image_reader.cc(340)] could not read dos header from C:\Windows\System32\kernel.appcore.dll
[1101/000439.368:ERROR:process_memory_win.cc(73)] ReadMemory at 0x7fffa1170000 of 64 bytes failed: Only part of a ReadProcessMemory or WriteProcessMemory request was completed. (0x12B)
[1101/000439.368:WARNING:pe_image_reader.cc(340)] could not read dos header from C:\Windows\System32\bcrypt.dll
[1101/000439.368:ERROR:process_memory_win.cc(73)] ReadMemory at 0x7fff8fb40000 of 64 bytes failed: Only part of a ReadProcessMemory or WriteProcessMemory request was completed. (0x12B)
[1101/000439.368:WARNING:pe_image_reader.cc(340)] could not read dos header from C:\Windows\SYSTEM32\WINHTTP.dll
[1101/000439.368:ERROR:process_memory_win.cc(73)] ReadMemory at 0x7fff95280000 of 64 bytes failed: Only part of a ReadProcessMemory or WriteProcessMemory request was completed. (0x12B)
[1101/000439.368:WARNING:pe_image_reader.cc(340)] could not read dos header from C:\Windows\SYSTEM32\dhcpcsvc.DLL
[1101/000439.368:ERROR:process_memory_win.cc(73)] ReadMemory at 0x7fffa25b0000 of 64 bytes failed: Only part of a ReadProcessMemory or WriteProcessMemory request was completed. (0x12B)
[1101/000439.368:WARNING:pe_image_reader.cc(340)] could not read dos header from C:\Windows\System32\NSI.dll
[1101/000439.368:ERROR:process_memory_win.cc(73)] ReadMemory at 0x7fff9e1b0000 of 64 bytes failed: Only part of a ReadProcessMemory or WriteProcessMemory request was completed. (0x12B)
[1101/000439.368:WARNING:pe_image_reader.cc(340)] could not read dos header from C:\Windows\SYSTEM32\WINMMBASE.dll
[1101/000439.368:ERROR:process_memory_win.cc(73)] ReadMemory at 0x7fffa1680000 of 64 bytes failed: Only part of a ReadProcessMemory or WriteProcessMemory request was completed. (0x12B)
[1101/000439.368:WARNING:pe_image_reader.cc(340)] could not read dos header from C:\Windows\System32\cfgmgr32.dll
[1101/000439.368:ERROR:process_memory_win.cc(73)] ReadMemory at 0x7fff8f5f0000 of 64 bytes failed: Only part of a ReadProcessMemory or WriteProcessMemory request was completed. (0x12B)
[1101/000439.368:WARNING:pe_image_reader.cc(340)] could not read dos header from C:\Windows\SYSTEM32\Bcp47Langs.dll
[1101/000439.368:ERROR:process_memory_win.cc(73)] ReadMemory at 0x7fff9de50000 of 64 bytes failed: Only part of a ReadProcessMemory or WriteProcessMemory request was completed. (0x12B)
[1101/000439.368:WARNING:pe_image_reader.cc(340)] could not read dos header from C:\Windows\SYSTEM32\PROPSYS.dll
[1101/000439.368:ERROR:process_memory_win.cc(73)] ReadMemory at 0x7fffa1b40000 of 64 bytes failed: Only part of a ReadProcessMemory or WriteProcessMemory request was completed. (0x12B)
[1101/000439.368:WARNING:pe_image_reader.cc(340)] could not read dos header from C:\Windows\System32\shcore.dll
[1101/000439.368:ERROR:process_memory_win.cc(73)] ReadMemory at 0x7fffa06c0000 of 64 bytes failed: Only part of a ReadProcessMemory or WriteProcessMemory request was completed. (0x12B)
[1101/000439.368:WARNING:pe_image_reader.cc(340)] could not read dos header from C:\Windows\SYSTEM32\SSPICLI.DLL
[1101/000439.368:ERROR:process_memory_win.cc(73)] ReadMemory at 0x7fffa01d0000 of 64 bytes failed: Only part of a ReadProcessMemory or WriteProcessMemory request was completed. (0x12B)
[1101/000439.368:WARNING:pe_image_reader.cc(340)] could not read dos header from C:\Windows\SYSTEM32\CRYPTBASE.DLL
[1101/000439.401:ERROR:process_memory_win.cc(73)] ReadMemory at 0x7ff631e00000 of 64 bytes failed: Only part of a ReadProcessMemory or WriteProcessMemory request was completed. (0x12B)
[1101/000439.401:WARNING:pe_image_reader.cc(340)] could not read dos header from C:\Program Files (x86)\Google\Chrome\Application\chrome.exe
[1101/000439.401:ERROR:process_memory_win.cc(73)] ReadMemory at 0x7fffa47b0000 of 64 bytes failed: Only part of a ReadProcessMemory or WriteProcessMemory request was completed. (0x12B)
[1101/000439.401:WARNING:pe_image_reader.cc(340)] could not read dos header from C:\Windows\SYSTEM32\ntdll.dll
[1101/000439.401:ERROR:process_memory_win.cc(73)] ReadMemory at 0x7fffa25c0000 of 64 bytes failed: Only part of a ReadProcessMemory or WriteProcessMemory request was completed. (0x12B)
[1101/000439.401:WARNING:pe_image_reader.cc(340)] could not read dos header from C:\Windows\System32\KERNEL32.DLL
[1101/000439.401:ERROR:process_memory_win.cc(73)] ReadMemory at 0x7fffa11a0000 of 64 bytes failed: Only part of a ReadProcessMemory or WriteProcessMemory request was completed. (0x12B)
[1101/000439.401:WARNING:pe_image_reader.cc(340)] could not read dos header from C:\Windows\System32\KERNELBASE.dll
[1101/000439.401:ERROR:process_memory_win.cc(73)] ReadMemory at 0x7fff66900000 of 64 bytes failed: Only part of a ReadProcessMemory or WriteProcessMemory request was completed. (0x12B)
[1101/000439.401:WARNING:pe_image_reader.cc(340)] could not read dos header from C:\Program Files (x86)\Google\Chrome\Application\86.0.4240.111\chrome_elf.dll
[1101/000439.401:ERROR:process_memory_win.cc(73)] ReadMemory at 0x7fff99260000 of 64 bytes failed: Only part of a ReadProcessMemory or WriteProcessMemory request was completed. (0x12B)
[1101/000439.401:WARNING:pe_image_reader.cc(340)] could not read dos header from C:\Windows\SYSTEM32\VERSION.dll
[1101/000439.401:ERROR:process_memory_win.cc(73)] ReadMemory at 0x7fffa1bf0000 of 64 bytes failed: Only part of a ReadProcessMemory or WriteProcessMemory request was completed. (0x12B)
[1101/000439.401:WARNING:pe_image_reader.cc(340)] could not read dos header from C:\Windows\System32\msvcrt.dll
[1101/000439.401:ERROR:process_memory_win.cc(73)] ReadMemory at 0x7fffa15e0000 of 64 bytes failed: Only part of a ReadProcessMemory or WriteProcessMemory request was completed. (0x12B)
[1101/000439.401:WARNING:pe_image_reader.cc(340)] could not read dos header from C:\Windows\System32\bcryptPrimitives.dll
[1101/000439.401:ERROR:process_memory_win.cc(73)] ReadMemory at 0x7fffa4020000 of 64 bytes failed: Only part of a ReadProcessMemory or WriteProcessMemory request was completed. (0x12B)
[1101/000439.401:WARNING:pe_image_reader.cc(340)] could not read dos header from C:\Windows\System32\ADVAPI32.dll
[1101/000439.401:ERROR:process_memory_win.cc(73)] ReadMemory at 0x7fffa3e20000 of 64 bytes failed: Only part of a ReadProcessMemory or WriteProcessMemory request was completed. (0x12B)
[1101/000439.401:WARNING:pe_image_reader.cc(340)] could not read dos header from C:\Windows\System32\sechost.dll
[1101/000439.401:ERROR:process_memory_win.cc(73)] ReadMemory at 0x7fffa4430000 of 64 bytes failed: Only part of a ReadProcessMemory or WriteProcessMemory request was completed. (0x12B)
[1101/000439.401:WARNING:pe_image_reader.cc(340)] could not read dos header from C:\Windows\System32\RPCRT4.dll
[1101/000439.401:ERROR:process_memory_win.cc(73)] ReadMemory at 0x7fff4a660000 of 64 bytes failed: Only part of a ReadProcessMemory or WriteProcessMemory request was completed. (0x12B)
[1101/000439.401:WARNING:pe_image_reader.cc(340)] could not read dos header from C:\Program Files (x86)\Google\Chrome\Application\86.0.4240.111\chrome.dll
[1101/000439.401:ERROR:process_memory_win.cc(73)] ReadMemory at 0x7fffa4560000 of 64 bytes failed: Only part of a ReadProcessMemory or WriteProcessMemory request was completed. (0x12B)
[1101/000439.401:WARNING:pe_image_reader.cc(340)] could not read dos header from C:\Windows\System32\WS2_32.dll
[1101/000439.401:ERROR:process_memory_win.cc(73)] ReadMemory at 0x7fffa3d20000 of 64 bytes failed: Only part of a ReadProcessMemory or WriteProcessMemory request was completed. (0x12B)
[1101/000439.401:WARNING:pe_image_reader.cc(340)] could not read dos header from C:\Windows\System32\OLEAUT32.dll
[1101/000439.401:ERROR:process_memory_win.cc(73)] ReadMemory at 0x7fffa1910000 of 64 bytes failed: Only part of a ReadProcessMemory or WriteProcessMemory request was completed. (0x12B)
[1101/000439.401:WARNING:pe_image_reader.cc(340)] could not read dos header from C:\Windows\System32\msvcp_win.dll
[1101/000439.401:ERROR:process_memory_win.cc(73)] ReadMemory at 0x7fffa0910000 of 64 bytes failed: Only part of a ReadProcessMemory or WriteProcessMemory request was completed. (0x12B)
[1101/000439.401:WARNING:pe_image_reader.cc(340)] could not read dos header from C:\Windows\System32\ucrtbase.dll
[1101/000439.401:ERROR:process_memory_win.cc(73)] ReadMemory at 0x7fffa2280000 of 64 bytes failed: Only part of a ReadProcessMemory or WriteProcessMemory request was completed. (0x12B)
[1101/000439.401:WARNING:pe_image_reader.cc(340)] could not read dos header from C:\Windows\System32\combase.dll
[1101/000439.401:ERROR:process_memory_win.cc(73)] ReadMemory at 0x7fffa16d0000 of 64 bytes failed: Only part of a ReadProcessMemory or WriteProcessMemory request was completed. (0x12B)
[1101/000439.401:WARNING:pe_image_reader.cc(340)] could not read dos header from C:\Windows\System32\WINTRUST.dll
[1101/000439.401:ERROR:process_memory_win.cc(73)] ReadMemory at 0x7fffa0810000 of 64 bytes failed: Only part of a ReadProcessMemory or WriteProcessMemory request was completed. (0x12B)
[1101/000439.401:WARNING:pe_image_reader.cc(340)] could not read dos header from C:\Windows\System32\MSASN1.dll
[1101/000439.401:ERROR:process_memory_win.cc(73)] ReadMemory at 0x7fffa1730000 of 64 bytes failed: Only part of a ReadProcessMemory or WriteProcessMemory request was completed. (0x12B)
[1101/000439.401:WARNING:pe_image_reader.cc(340)] could not read dos header from C:\Windows\System32\CRYPT32.dll
[1101/000439.401:ERROR:process_memory_win.cc(73)] ReadMemory at 0x7fff9c5a0000 of 64 bytes failed: Only part of a ReadProcessMemory or WriteProcessMemory request was completed. (0x12B)
[1101/000439.401:WARNING:pe_image_reader.cc(340)] could not read dos header from C:\Windows\SYSTEM32\dbghelp.dll
[1101/000439.402:ERROR:process_memory_win.cc(73)] ReadMemory at 0x7fff9fd20000 of 64 bytes failed: Only part of a ReadProcessMemory or WriteProcessMemory request was completed. (0x12B)
[1101/000439.402:WARNING:pe_image_reader.cc(340)] could not read dos header from C:\Windows\SYSTEM32\IPHLPAPI.DLL
[1101/000439.402:ERROR:process_memory_win.cc(73)] ReadMemory at 0x7fff9e1e0000 of 64 bytes failed: Only part of a ReadProcessMemory or WriteProcessMemory request was completed. (0x12B)
[1101/000439.402:WARNING:pe_image_reader.cc(340)] could not read dos header from C:\Windows\SYSTEM32\WINMM.dll
[1101/000439.402:ERROR:process_memory_win.cc(73)] ReadMemory at 0x7fff793e0000 of 64 bytes failed: Only part of a ReadProcessMemory or WriteProcessMemory request was completed. (0x12B)
[1101/000439.402:WARNING:pe_image_reader.cc(340)] could not read dos header from C:\Windows\SYSTEM32\UIAutomationCore.DLL
[1101/000439.402:ERROR:process_memory_win.cc(73)] ReadMemory at 0x7fff833d0000 of 64 bytes failed: Only part of a ReadProcessMemory or WriteProcessMemory request was completed. (0x12B)
[1101/000439.402:WARNING:pe_image_reader.cc(340)] could not read dos header from C:\Windows\SYSTEM32\Secur32.dll
[1101/000439.402:ERROR:process_memory_win.cc(73)] ReadMemory at 0x7fffa0690000 of 64 bytes failed: Only part of a ReadProcessMemory or WriteProcessMemory request was completed. (0x12B)
[1101/000439.402:WARNING:pe_image_reader.cc(340)] could not read dos header from C:\Windows\SYSTEM32\USERENV.dll
[1101/000439.402:ERROR:process_memory_win.cc(73)] ReadMemory at 0x7fffa0830000 of 64 bytes failed: Only part of a ReadProcessMemory or WriteProcessMemory request was completed. (0x12B)
[1101/000439.402:WARNING:pe_image_reader.cc(340)] could not read dos header from C:\Windows\System32\profapi.dll
[1101/000439.402:ERROR:process_memory_win.cc(73)] ReadMemory at 0x7fff8d7b0000 of 64 bytes failed: Only part of a ReadProcessMemory or WriteProcessMemory request was completed. (0x12B)
[1101/000439.402:WARNING:pe_image_reader.cc(340)] could not read dos header from C:\Windows\SYSTEM32\DWrite.dll
[1101/000439.402:ERROR:process_memory_win.cc(73)] ReadMemory at 0x7fff7f4a0000 of 64 bytes failed: Only part of a ReadProcessMemory or WriteProcessMemory request was completed. (0x12B)
[1101/000439.402:WARNING:pe_image_reader.cc(340)] could not read dos header from C:\Windows\SYSTEM32\WINSPOOL.DRV
[1101/000439.402:ERROR:process_memory_win.cc(73)] ReadMemory at 0x7fffa0790000 of 64 bytes failed: Only part of a ReadProcessMemory or WriteProcessMemory request was completed. (0x12B)
[1101/000439.402:WARNING:pe_image_reader.cc(340)] could not read dos header from C:\Windows\System32\kernel.appcore.dll
[1101/000439.402:ERROR:process_memory_win.cc(73)] ReadMemory at 0x7fffa1170000 of 64 bytes failed: Only part of a ReadProcessMemory or WriteProcessMemory request was completed. (0x12B)
[1101/000439.402:WARNING:pe_image_reader.cc(340)] could not read dos header from C:\Windows\System32\bcrypt.dll
[1101/000439.402:ERROR:process_memory_win.cc(73)] ReadMemory at 0x7fff8fb40000 of 64 bytes failed: Only part of a ReadProcessMemory or WriteProcessMemory request was completed. (0x12B)
[1101/000439.402:WARNING:pe_image_reader.cc(340)] could not read dos header from C:\Windows\SYSTEM32\WINHTTP.dll
[1101/000439.402:ERROR:process_memory_win.cc(73)] ReadMemory at 0x7fff95280000 of 64 bytes failed: Only part of a ReadProcessMemory or WriteProcessMemory request was completed. (0x12B)
[1101/000439.402:WARNING:pe_image_reader.cc(340)] could not read dos header from C:\Windows\SYSTEM32\dhcpcsvc.DLL
[1101/000439.402:ERROR:process_memory_win.cc(73)] ReadMemory at 0x7fffa25b0000 of 64 bytes failed: Only part of a ReadProcessMemory or WriteProcessMemory request was completed. (0x12B)
[1101/000439.402:WARNING:pe_image_reader.cc(340)] could not read dos header from C:\Windows\System32\NSI.dll
[1101/000439.402:ERROR:process_memory_win.cc(73)] ReadMemory at 0x7fff9e1b0000 of 64 bytes failed: Only part of a ReadProcessMemory or WriteProcessMemory request was completed. (0x12B)
[1101/000439.402:WARNING:pe_image_reader.cc(340)] could not read dos header from C:\Windows\SYSTEM32\WINMMBASE.dll
[1101/000439.402:ERROR:process_memory_win.cc(73)] ReadMemory at 0x7fffa1680000 of 64 bytes failed: Only part of a ReadProcessMemory or WriteProcessMemory request was completed. (0x12B)
[1101/000439.402:WARNING:pe_image_reader.cc(340)] could not read dos header from C:\Windows\System32\cfgmgr32.dll
[1101/000439.402:ERROR:process_memory_win.cc(73)] ReadMemory at 0x7fff8f5f0000 of 64 bytes failed: Only part of a ReadProcessMemory or WriteProcessMemory request was completed. (0x12B)
[1101/000439.402:WARNING:pe_image_reader.cc(340)] could not read dos header from C:\Windows\SYSTEM32\Bcp47Langs.dll
[1101/000439.402:ERROR:process_memory_win.cc(73)] ReadMemory at 0x7fff9de50000 of 64 bytes failed: Only part of a ReadProcessMemory or WriteProcessMemory request was completed. (0x12B)
[1101/000439.402:WARNING:pe_image_reader.cc(340)] could not read dos header from C:\Windows\SYSTEM32\PROPSYS.dll
[1101/000439.402:ERROR:process_memory_win.cc(73)] ReadMemory at 0x7fffa1b40000 of 64 bytes failed: Only part of a ReadProcessMemory or WriteProcessMemory request was completed. (0x12B)
[1101/000439.402:WARNING:pe_image_reader.cc(340)] could not read dos header from C:\Windows\System32\shcore.dll
[1101/000439.402:ERROR:process_memory_win.cc(73)] ReadMemory at 0x7fffa06c0000 of 64 bytes failed: Only part of a ReadProcessMemory or WriteProcessMemory request was completed. (0x12B)
[1101/000439.402:WARNING:pe_image_reader.cc(340)] could not read dos header from C:\Windows\SYSTEM32\SSPICLI.DLL
[1101/000439.402:ERROR:process_memory_win.cc(73)] ReadMemory at 0x7fffa01d0000 of 64 bytes failed: Only part of a ReadProcessMemory or WriteProcessMemory request was completed. (0x12B)
[1101/000439.402:WARNING:pe_image_reader.cc(340)] could not read dos header from C:\Windows\SYSTEM32\CRYPTBASE.DLL
[1101/000439.402:ERROR:process_memory_win.cc(73)] ReadMemory at 0x7ff631e00000 of 64 bytes failed: Only part of a ReadProcessMemory or WriteProcessMemory request was completed. (0x12B)
[1101/000439.402:WARNING:pe_image_reader.cc(340)] could not read dos header from C:\Program Files (x86)\Google\Chrome\Application\chrome.exe
[1101/000439.402:ERROR:process_memory_win.cc(73)] ReadMemory at 0x7fffa47b0000 of 64 bytes failed: Only part of a ReadProcessMemory or WriteProcessMemory request was completed. (0x12B)
[1101/000439.402:WARNING:pe_image_reader.cc(340)] could not read dos header from C:\Windows\SYSTEM32\ntdll.dll
[1101/000439.402:ERROR:process_memory_win.cc(73)] ReadMemory at 0x7fffa25c0000 of 64 bytes failed: Only part of a ReadProcessMemory or WriteProcessMemory request was completed. (0x12B)
[1101/000439.402:WARNING:pe_image_reader.cc(340)] could not read dos header from C:\Windows\System32\KERNEL32.DLL
[1101/000439.402:ERROR:process_memory_win.cc(73)] ReadMemory at 0x7fffa11a0000 of 64 bytes failed: Only part of a ReadProcessMemory or WriteProcessMemory request was completed. (0x12B)
[1101/000439.402:WARNING:pe_image_reader.cc(340)] could not read dos header from C:\Windows\System32\KERNELBASE.dll
[1101/000439.402:ERROR:process_memory_win.cc(73)] ReadMemory at 0x7fff66900000 of 64 bytes failed: Only part of a ReadProcessMemory or WriteProcessMemory request was completed. (0x12B)
[1101/000439.402:WARNING:pe_image_reader.cc(340)] could not read dos header from C:\Program Files (x86)\Google\Chrome\Application\86.0.4240.111\chrome_elf.dll
[1101/000439.402:ERROR:process_memory_win.cc(73)] ReadMemory at 0x7fff99260000 of 64 bytes failed: Only part of a ReadProcessMemory or WriteProcessMemory request was completed. (0x12B)
[1101/000439.402:WARNING:pe_image_reader.cc(340)] could not read dos header from C:\Windows\SYSTEM32\VERSION.dll
[1101/000439.402:ERROR:process_memory_win.cc(73)] ReadMemory at 0x7fffa1bf0000 of 64 bytes failed: Only part of a ReadProcessMemory or WriteProcessMemory request was completed. (0x12B)
[1101/000439.402:WARNING:pe_image_reader.cc(340)] could not read dos header from C:\Windows\System32\msvcrt.dll
[1101/000439.402:ERROR:process_memory_win.cc(73)] ReadMemory at 0x7fffa15e0000 of 64 bytes failed: Only part of a ReadProcessMemory or WriteProcessMemory request was completed. (0x12B)
[1101/000439.403:WARNING:pe_image_reader.cc(340)] could not read dos header from C:\Windows\System32\bcryptPrimitives.dll
[1101/000439.403:ERROR:process_memory_win.cc(73)] ReadMemory at 0x7fffa4020000 of 64 bytes failed: Only part of a ReadProcessMemory or WriteProcessMemory request was completed. (0x12B)
[1101/000439.403:WARNING:pe_image_reader.cc(340)] could not read dos header from C:\Windows\System32\ADVAPI32.dll
[1101/000439.403:ERROR:process_memory_win.cc(73)] ReadMemory at 0x7fffa3e20000 of 64 bytes failed: Only part of a ReadProcessMemory or WriteProcessMemory request was completed. (0x12B)
[1101/000439.403:WARNING:pe_image_reader.cc(340)] could not read dos header from C:\Windows\System32\sechost.dll
[1101/000439.403:ERROR:process_memory_win.cc(73)] ReadMemory at 0x7fffa4430000 of 64 bytes failed: Only part of a ReadProcessMemory or WriteProcessMemory request was completed. (0x12B)
[1101/000439.403:WARNING:pe_image_reader.cc(340)] could not read dos header from C:\Windows\System32\RPCRT4.dll
[1101/000439.403:ERROR:process_memory_win.cc(73)] ReadMemory at 0x7fff4a660000 of 64 bytes failed: Only part of a ReadProcessMemory or WriteProcessMemory request was completed. (0x12B)
[1101/000439.403:WARNING:pe_image_reader.cc(340)] could not read dos header from C:\Program Files (x86)\Google\Chrome\Application\86.0.4240.111\chrome.dll
[1101/000439.403:ERROR:process_memory_win.cc(73)] ReadMemory at 0x7fffa4560000 of 64 bytes failed: Only part of a ReadProcessMemory or WriteProcessMemory request was completed. (0x12B)
[1101/000439.403:WARNING:pe_image_reader.cc(340)] could not read dos header from C:\Windows\System32\WS2_32.dll
[1101/000439.403:ERROR:process_memory_win.cc(73)] ReadMemory at 0x7fffa3d20000 of 64 bytes failed: Only part of a ReadProcessMemory or WriteProcessMemory request was completed. (0x12B)
[1101/000439.403:WARNING:pe_image_reader.cc(340)] could not read dos header from C:\Windows\System32\OLEAUT32.dll
[1101/000439.403:ERROR:process_memory_win.cc(73)] ReadMemory at 0x7fffa1910000 of 64 bytes failed: Only part of a ReadProcessMemory or WriteProcessMemory request was completed. (0x12B)
[1101/000439.403:WARNING:pe_image_reader.cc(340)] could not read dos header from C:\Windows\System32\msvcp_win.dll
[1101/000439.403:ERROR:process_memory_win.cc(73)] ReadMemory at 0x7fffa0910000 of 64 bytes failed: Only part of a ReadProcessMemory or WriteProcessMemory request was completed. (0x12B)
[1101/000439.403:WARNING:pe_image_reader.cc(340)] could not read dos header from C:\Windows\System32\ucrtbase.dll
[1101/000439.403:ERROR:process_memory_win.cc(73)] ReadMemory at 0x7fffa2280000 of 64 bytes failed: Only part of a ReadProcessMemory or WriteProcessMemory request was completed. (0x12B)
[1101/000439.403:WARNING:pe_image_reader.cc(340)] could not read dos header from C:\Windows\System32\combase.dll
[1101/000439.403:ERROR:process_memory_win.cc(73)] ReadMemory at 0x7fffa16d0000 of 64 bytes failed: Only part of a ReadProcessMemory or WriteProcessMemory request was completed. (0x12B)
[1101/000439.403:WARNING:pe_image_reader.cc(340)] could not read dos header from C:\Windows\System32\WINTRUST.dll
[1101/000439.403:ERROR:process_memory_win.cc(73)] ReadMemory at 0x7fffa0810000 of 64 bytes failed: Only part of a ReadProcessMemory or WriteProcessMemory request was completed. (0x12B)
[1101/000439.403:WARNING:pe_image_reader.cc(340)] could not read dos header from C:\Windows\System32\MSASN1.dll
[1101/000439.403:ERROR:process_memory_win.cc(73)] ReadMemory at 0x7fffa1730000 of 64 bytes failed: Only part of a ReadProcessMemory or WriteProcessMemory request was completed. (0x12B)
[1101/000439.403:WARNING:pe_image_reader.cc(340)] could not read dos header from C:\Windows\System32\CRYPT32.dll
[1101/000439.403:ERROR:process_memory_win.cc(73)] ReadMemory at 0x7fff9c5a0000 of 64 bytes failed: Only part of a ReadProcessMemory or WriteProcessMemory request was completed. (0x12B)
[1101/000439.403:WARNING:pe_image_reader.cc(340)] could not read dos header from C:\Windows\SYSTEM32\dbghelp.dll
[1101/000439.403:ERROR:process_memory_win.cc(73)] ReadMemory at 0x7fff9fd20000 of 64 bytes failed: Only part of a ReadProcessMemory or WriteProcessMemory request was completed. (0x12B)
[1101/000439.403:WARNING:pe_image_reader.cc(340)] could not read dos header from C:\Windows\SYSTEM32\IPHLPAPI.DLL
[1101/000439.403:ERROR:process_memory_win.cc(73)] ReadMemory at 0x7fff9e1e0000 of 64 bytes failed: Only part of a ReadProcessMemory or WriteProcessMemory request was completed. (0x12B)
[1101/000439.403:WARNING:pe_image_reader.cc(340)] could not read dos header from C:\Windows\SYSTEM32\WINMM.dll
[1101/000439.403:ERROR:process_memory_win.cc(73)] ReadMemory at 0x7fff793e0000 of 64 bytes failed: Only part of a ReadProcessMemory or WriteProcessMemory request was completed. (0x12B)
[1101/000439.403:WARNING:pe_image_reader.cc(340)] could not read dos header from C:\Windows\SYSTEM32\UIAutomationCore.DLL
[1101/000439.403:ERROR:process_memory_win.cc(73)] ReadMemory at 0x7fff833d0000 of 64 bytes failed: Only part of a ReadProcessMemory or WriteProcessMemory request was completed. (0x12B)
[1101/000439.403:WARNING:pe_image_reader.cc(340)] could not read dos header from C:\Windows\SYSTEM32\Secur32.dll
[1101/000439.403:ERROR:process_memory_win.cc(73)] ReadMemory at 0x7fffa0690000 of 64 bytes failed: Only part of a ReadProcessMemory or WriteProcessMemory request was completed. (0x12B)
[1101/000439.403:WARNING:pe_image_reader.cc(340)] could not read dos header from C:\Windows\SYSTEM32\USERENV.dll
[1101/000439.403:ERROR:process_memory_win.cc(73)] ReadMemory at 0x7fffa0830000 of 64 bytes failed: Only part of a ReadProcessMemory or WriteProcessMemory request was completed. (0x12B)
[1101/000439.403:WARNING:pe_image_reader.cc(340)] could not read dos header from C:\Windows\System32\profapi.dll
[1101/000439.403:ERROR:process_memory_win.cc(73)] ReadMemory at 0x7fff8d7b0000 of 64 bytes failed: Only part of a ReadProcessMemory or WriteProcessMemory request was completed. (0x12B)
[1101/000439.403:WARNING:pe_image_reader.cc(340)] could not read dos header from C:\Windows\SYSTEM32\DWrite.dll
[1101/000439.403:ERROR:process_memory_win.cc(73)] ReadMemory at 0x7fff7f4a0000 of 64 bytes failed: Only part of a ReadProcessMemory or WriteProcessMemory request was completed. (0x12B)
[1101/000439.403:WARNING:pe_image_reader.cc(340)] could not read dos header from C:\Windows\SYSTEM32\WINSPOOL.DRV
[1101/000439.403:ERROR:process_memory_win.cc(73)] ReadMemory at 0x7fffa0790000 of 64 bytes failed: Only part of a ReadProcessMemory or WriteProcessMemory request was completed. (0x12B)
[1101/000439.403:WARNING:pe_image_reader.cc(340)] could not read dos header from C:\Windows\System32\kernel.appcore.dll
[1101/000439.403:ERROR:process_memory_win.cc(73)] ReadMemory at 0x7fffa1170000 of 64 bytes failed: Only part of a ReadProcessMemory or WriteProcessMemory request was completed. (0x12B)
[1101/000439.403:WARNING:pe_image_reader.cc(340)] could not read dos header from C:\Windows\System32\bcrypt.dll
[1101/000439.403:ERROR:process_memory_win.cc(73)] ReadMemory at 0x7fff8fb40000 of 64 bytes failed: Only part of a ReadProcessMemory or WriteProcessMemory request was completed. (0x12B)
[1101/000439.403:WARNING:pe_image_reader.cc(340)] could not read dos header from C:\Windows\SYSTEM32\WINHTTP.dll
[1101/000439.403:ERROR:process_memory_win.cc(73)] ReadMemory at 0x7fff95280000 of 64 bytes failed: Only part of a ReadProcessMemory or WriteProcessMemory request was completed. (0x12B)
[1101/000439.403:WARNING:pe_image_reader.cc(340)] could not read dos header from C:\Windows\SYSTEM32\dhcpcsvc.DLL
[1101/000439.403:ERROR:process_memory_win.cc(73)] ReadMemory at 0x7fffa25b0000 of 64 bytes failed: Only part of a ReadProcessMemory or WriteProcessMemory request was completed. (0x12B)
[1101/000439.403:WARNING:pe_image_reader.cc(340)] could not read dos header from C:\Windows\System32\NSI.dll
[1101/000439.403:ERROR:process_memory_win.cc(73)] ReadMemory at 0x7fff9e1b0000 of 64 bytes failed: Only part of a ReadProcessMemory or WriteProcessMemory request was completed. (0x12B)
[1101/000439.403:WARNING:pe_image_reader.cc(340)] could not read dos header from C:\Windows\SYSTEM32\WINMMBASE.dll
[1101/000439.403:ERROR:process_memory_win.cc(73)] ReadMemory at 0x7fffa1680000 of 64 bytes failed: Only part of a ReadProcessMemory or WriteProcessMemory request was completed. (0x12B)
[1101/000439.403:WARNING:pe_image_reader.cc(340)] could not read dos header from C:\Windows\System32\cfgmgr32.dll
[1101/000439.404:ERROR:process_memory_win.cc(73)] ReadMemory at 0x7fff8f5f0000 of 64 bytes failed: Only part of a ReadProcessMemory or WriteProcessMemory request was completed. (0x12B)
[1101/000439.404:WARNING:pe_image_reader.cc(340)] could not read dos header from C:\Windows\SYSTEM32\Bcp47Langs.dll
[1101/000439.404:ERROR:process_memory_win.cc(73)] ReadMemory at 0x7fff9de50000 of 64 bytes failed: Only part of a ReadProcessMemory or WriteProcessMemory request was completed. (0x12B)
[1101/000439.404:WARNING:pe_image_reader.cc(340)] could not read dos header from C:\Windows\SYSTEM32\PROPSYS.dll
[1101/000439.404:ERROR:process_memory_win.cc(73)] ReadMemory at 0x7fffa1b40000 of 64 bytes failed: Only part of a ReadProcessMemory or WriteProcessMemory request was completed. (0x12B)
[1101/000439.404:WARNING:pe_image_reader.cc(340)] could not read dos header from C:\Windows\System32\shcore.dll
[1101/000439.404:ERROR:process_memory_win.cc(73)] ReadMemory at 0x7fffa06c0000 of 64 bytes failed: Only part of a ReadProcessMemory or WriteProcessMemory request was completed. (0x12B)
[1101/000439.404:WARNING:pe_image_reader.cc(340)] could not read dos header from C:\Windows\SYSTEM32\SSPICLI.DLL
[1101/000439.404:ERROR:process_memory_win.cc(73)] ReadMemory at 0x7fffa01d0000 of 64 bytes failed: Only part of a ReadProcessMemory or WriteProcessMemory request was completed. (0x12B)
[1101/000439.404:WARNING:pe_image_reader.cc(340)] could not read dos header from C:\Windows\SYSTEM32\CRYPTBASE.DLL
[1101/000439.609:ERROR:process_memory_win.cc(73)] ReadMemory at 0x70ebbed000 of 77824 bytes failed: Only part of a ReadProcessMemory or WriteProcessMemory request was completed. (0x12B)
[1101/000439.611:ERROR:process_memory_win.cc(73)] ReadMemory at 0x70ec3fe000 of 8192 bytes failed: Only part of a ReadProcessMemory or WriteProcessMemory request was completed. (0x12B)
[1101/000439.611:ERROR:process_memory_win.cc(73)] ReadMemory at 0x70ed3fd000 of 12288 bytes failed: Only part of a ReadProcessMemory or WriteProcessMemory request was completed. (0x12B)
[1101/000439.611:ERROR:process_memory_win.cc(73)] ReadMemory at 0x70edbfc000 of 16384 bytes failed: Only part of a ReadProcessMemory or WriteProcessMemory request was completed. (0x12B)
[1101/000439.611:ERROR:process_memory_win.cc(73)] ReadMemory at 0x70eebfe000 of 8192 bytes failed: Only part of a ReadProcessMemory or WriteProcessMemory request was completed. (0x12B)
[1101/000439.611:ERROR:process_memory_win.cc(73)] ReadMemory at 0x70ef3fe000 of 8192 bytes failed: Only part of a ReadProcessMemory or WriteProcessMemory request was completed. (0x12B)
[1101/000439.611:ERROR:process_memory_win.cc(73)] ReadMemory at 0x70efbfd000 of 12288 bytes failed: Only part of a ReadProcessMemory or WriteProcessMemory request was completed. (0x12B)
[1101/000439.611:ERROR:process_memory_win.cc(73)] ReadMemory at 0x70f0bfe000 of 8192 bytes failed: Only part of a ReadProcessMemory or WriteProcessMemory request was completed. (0x12B)
[1101/000439.611:ERROR:process_memory_win.cc(73)] ReadMemory at 0x70f13fd000 of 12288 bytes failed: Only part of a ReadProcessMemory or WriteProcessMemory request was completed. (0x12B)
[1101/000439.611:ERROR:process_memory_win.cc(73)] ReadMemory at 0x70f1bfc000 of 16384 bytes failed: Only part of a ReadProcessMemory or WriteProcessMemory request was completed. (0x12B)
[1101/000439.611:ERROR:process_memory_win.cc(73)] ReadMemory at 0x70f23fc000 of 16384 bytes failed: Only part of a ReadProcessMemory or WriteProcessMemory request was completed. (0x12B)
[1101/000439.611:ERROR:process_memory_win.cc(73)] ReadMemory at 0x70f2bfc000 of 16384 bytes failed: Only part of a ReadProcessMemory or WriteProcessMemory request was completed. (0x12B)
[1101/000439.611:ERROR:process_memory_win.cc(73)] ReadMemory at 0x70f33fc000 of 16384 bytes failed: Only part of a ReadProcessMemory or WriteProcessMemory request was completed. (0x12B)
[1101/000439.611:ERROR:process_memory_win.cc(73)] ReadMemory at 0x70f5bfe000 of 8192 bytes failed: Only part of a ReadProcessMemory or WriteProcessMemory request was completed. (0x12B)
[1101/000439.611:ERROR:process_memory_win.cc(73)] ReadMemory at 0x70f3bfc000 of 16384 bytes failed: Only part of a ReadProcessMemory or WriteProcessMemory request was completed. (0x12B)
[1101/000439.611:ERROR:process_memory_win.cc(73)] ReadMemory at 0x70ecbff000 of 4096 bytes failed: Only part of a ReadProcessMemory or WriteProcessMemory request was completed. (0x12B)
[1101/000439.613:ERROR:process_memory_win.cc(73)] ReadMemory at 0x70eb24c000 of 6024 bytes failed: Only part of a ReadProcessMemory or WriteProcessMemory request was completed. (0x12B)
[1101/000439.613:ERROR:process_memory_win.cc(73)] ReadMemory at 0x70eb252000 of 6024 bytes failed: Only part of a ReadProcessMemory or WriteProcessMemory request was completed. (0x12B)
[1101/000439.613:ERROR:process_memory_win.cc(73)] ReadMemory at 0x70eb3ba000 of 852 bytes failed: Only part of a ReadProcessMemory or WriteProcessMemory request was completed. (0x12B)
[1101/000439.613:ERROR:process_memory_win.cc(73)] ReadMemory at 0x70eb3bb000 of 6024 bytes failed: Only part of a ReadProcessMemory or WriteProcessMemory request was completed. (0x12B)
[1101/000439.613:ERROR:process_memory_win.cc(73)] ReadMemory at 0x70eb3bd000 of 6024 bytes failed: Only part of a ReadProcessMemory or WriteProcessMemory request was completed. (0x12B)
[1101/000439.613:ERROR:process_memory_win.cc(73)] ReadMemory at 0x70eb3c1000 of 6024 bytes failed: Only part of a ReadProcessMemory or WriteProcessMemory request was completed. (0x12B)
[1101/000439.613:ERROR:process_memory_win.cc(73)] ReadMemory at 0x70eb3c3000 of 6024 bytes failed: Only part of a ReadProcessMemory or WriteProcessMemory request was completed. (0x12B)
[1101/000439.613:ERROR:process_memory_win.cc(73)] ReadMemory at 0x70eb3c7000 of 6024 bytes failed: Only part of a ReadProcessMemory or WriteProcessMemory request was completed. (0x12B)
[1101/000439.613:ERROR:process_memory_win.cc(73)] ReadMemory at 0x70eb3c9000 of 6024 bytes failed: Only part of a ReadProcessMemory or WriteProcessMemory request was completed. (0x12B)
[1101/000439.613:ERROR:process_memory_win.cc(73)] ReadMemory at 0x70eb3cb000 of 6024 bytes failed: Only part of a ReadProcessMemory or WriteProcessMemory request was completed. (0x12B)
[1101/000439.613:ERROR:process_memory_win.cc(73)] ReadMemory at 0x70eb3cf000 of 6024 bytes failed: Only part of a ReadProcessMemory or WriteProcessMemory request was completed. (0x12B)
[1101/000439.613:ERROR:process_memory_win.cc(73)] ReadMemory at 0x70eb3d1000 of 6024 bytes failed: Only part of a ReadProcessMemory or WriteProcessMemory request was completed. (0x12B)
[1101/000439.613:ERROR:process_memory_win.cc(73)] ReadMemory at 0x70eb3d3000 of 6024 bytes failed: Only part of a ReadProcessMemory or WriteProcessMemory request was completed. (0x12B)
[1101/000439.613:ERROR:process_memory_win.cc(73)] ReadMemory at 0x70eb3d5000 of 6024 bytes failed: Only part of a ReadProcessMemory or WriteProcessMemory request was completed. (0x12B)
[1101/000439.613:ERROR:process_memory_win.cc(73)] ReadMemory at 0x70eb3d7000 of 6024 bytes failed: Only part of a ReadProcessMemory or WriteProcessMemory request was completed. (0x12B)
[1101/000439.614:ERROR:process_memory_win.cc(73)] ReadMemory at 0x70eb3d9000 of 6024 bytes failed: Only part of a ReadProcessMemory or WriteProcessMemory request was completed. (0x12B)
[1101/000439.614:ERROR:process_memory_win.cc(73)] ReadMemory at 0x70eb3e5000 of 6024 bytes failed: Only part of a ReadProcessMemory or WriteProcessMemory request was completed. (0x12B)
[1101/000439.614:ERROR:process_memory_win.cc(73)] ReadMemory at 0x1dd94c50d00 of 896 bytes failed: Only part of a ReadProcessMemory or WriteProcessMemory request was completed. (0x12B)
[1101/000439.614:ERROR:process_memory_win.cc(73)] ReadMemory at 0x1dd94c52380 of 512 bytes failed: Only part of a ReadProcessMemory or WriteProcessMemory request was completed. (0x12B)
[1101/000439.615:ERROR:process_memory_win.cc(73)] ReadMemory at 0x1dd94c59400 of 592 bytes failed: Only part of a ReadProcessMemory or WriteProcessMemory request was completed. (0x12B)
[1101/000439.724:ERROR:process_memory_win.cc(73)] ReadMemory at 0x1dd94cc0fe0 of 20094 bytes failed: Only part of a ReadProcessMemory or WriteProcessMemory request was completed. (0x12B)
[1101/000439.724:ERROR:process_memory_win.cc(73)] ReadMemory at 0x1dd94cc5e70 of 1012 bytes failed: Only part of a ReadProcessMemory or WriteProcessMemory request was completed. (0x12B)
[1101/000439.724:ERROR:process_memory_win.cc(73)] ReadMemory at 0x1dd94cc6498 of 118 bytes failed: Only part of a ReadProcessMemory or WriteProcessMemory request was completed. (0x12B)
[1101/000439.724:ERROR:process_memory_win.cc(73)] ReadMemory at 0x1dd94cc6510 of 710 bytes failed: Only part of a ReadProcessMemory or WriteProcessMemory request was completed. (0x12B)
[1101/000439.724:ERROR:process_memory_win.cc(73)] ReadMemory at 0x1dd94cc67d8 of 118 bytes failed: Only part of a ReadProcessMemory or WriteProcessMemory request was completed. (0x12B)
[1101/000439.724:ERROR:process_memory_win.cc(73)] ReadMemory at 0x1dd94cc6850 of 100 bytes failed: Only part of a ReadProcessMemory or WriteProcessMemory request was completed. (0x12B)
[1101/000439.724:ERROR:process_memory_win.cc(73)] ReadMemory at 0x1dd94cc68c0 of 58 bytes failed: Only part of a ReadProcessMemory or WriteProcessMemory request was completed. (0x12B)
[1101/000439.724:ERROR:process_memory_win.cc(73)] ReadMemory at 0x1dd94cc69c0 of 132 bytes failed: Only part of a ReadProcessMemory or WriteProcessMemory request was completed. (0x12B)
[1101/000439.724:ERROR:process_memory_win.cc(73)] ReadMemory at 0x1dd94cc6b50 of 132 bytes failed: Only part of a ReadProcessMemory or WriteProcessMemory request was completed. (0x12B)
[1101/000439.724:ERROR:process_memory_win.cc(73)] ReadMemory at 0x1dd94cc6d10 of 126 bytes failed: Only part of a ReadProcessMemory or WriteProcessMemory request was completed. (0x12B)
[1101/000439.724:ERROR:process_memory_win.cc(73)] ReadMemory at 0x1dd94cc7210 of 132 bytes failed: Only part of a ReadProcessMemory or WriteProcessMemory request was completed. (0x12B)
[1101/000439.724:ERROR:process_memory_win.cc(73)] ReadMemory at 0x1dd94cc73a0 of 64 bytes failed: Only part of a ReadProcessMemory or WriteProcessMemory request was completed. (0x12B)
[1101/000439.724:ERROR:process_memory_win.cc(73)] ReadMemory at 0x1dd94cc7560 of 132 bytes failed: Only part of a ReadProcessMemory or WriteProcessMemory request was completed. (0x12B)
[1101/000439.724:ERROR:process_memory_win.cc(73)] ReadMemory at 0x1dd94cc7800 of 132 bytes failed: Only part of a ReadProcessMemory or WriteProcessMemory request was completed. (0x12B)
[1101/000439.724:ERROR:process_memory_win.cc(73)] ReadMemory at 0x1dd94cc7990 of 68 bytes failed: Only part of a ReadProcessMemory or WriteProcessMemory request was completed. (0x12B)
[1101/000439.724:ERROR:process_memory_win.cc(73)] ReadMemory at 0x1dd94cc8930 of 132 bytes failed: Only part of a ReadProcessMemory or WriteProcessMemory request was completed. (0x12B)
[1101/000439.724:ERROR:process_memory_win.cc(73)] ReadMemory at 0x1dd94cc8ac0 of 154 bytes failed: Only part of a ReadProcessMemory or WriteProcessMemory request was completed. (0x12B)
[1101/000439.724:ERROR:process_memory_win.cc(73)] ReadMemory at 0x1dd94cc97c0 of 62 bytes failed: Only part of a ReadProcessMemory or WriteProcessMemory request was completed. (0x12B)
[1101/000439.724:ERROR:process_memory_win.cc(73)] ReadMemory at 0x1dd94cc9920 of 132 bytes failed: Only part of a ReadProcessMemory or WriteProcessMemory request was completed. (0x12B)
[1101/000439.724:ERROR:process_memory_win.cc(73)] ReadMemory at 0x1dd94cc9ab0 of 60 bytes failed: Only part of a ReadProcessMemory or WriteProcessMemory request was completed. (0x12B)
[1101/000439.724:ERROR:process_memory_win.cc(73)] ReadMemory at 0x1dd94cdf110 of 132 bytes failed: Only part of a ReadProcessMemory or WriteProcessMemory request was completed. (0x12B)
[1101/000439.724:ERROR:process_memory_win.cc(73)] ReadMemory at 0x1dd94cdf410 of 132 bytes failed: Only part of a ReadProcessMemory or WriteProcessMemory request was completed. (0x12B)
[1101/000439.724:ERROR:process_memory_win.cc(73)] ReadMemory at 0x1dd94cdf590 of 132 bytes failed: Only part of a ReadProcessMemory or WriteProcessMemory request was completed. (0x12B)
[1101/000439.724:ERROR:process_memory_win.cc(73)] ReadMemory at 0x1dd94cdf6c0 of 132 bytes failed: Only part of a ReadProcessMemory or WriteProcessMemory request was completed. (0x12B)
[1101/000439.724:ERROR:process_memory_win.cc(73)] ReadMemory at 0x1dd94cdf7f0 of 132 bytes failed: Only part of a ReadProcessMemory or WriteProcessMemory request was completed. (0x12B)
[1101/000439.724:ERROR:process_memory_win.cc(73)] ReadMemory at 0x1dd94cdf920 of 132 bytes failed: Only part of a ReadProcessMemory or WriteProcessMemory request was completed. (0x12B)
[1101/000439.724:ERROR:process_memory_win.cc(73)] ReadMemory at 0x1dd94cdfa50 of 132 bytes failed: Only part of a ReadProcessMemory or WriteProcessMemory request was completed. (0x12B)
[1101/000439.724:ERROR:process_memory_win.cc(73)] ReadMemory at 0x1dd94cdfb80 of 132 bytes failed: Only part of a ReadProcessMemory or WriteProcessMemory request was completed. (0x12B)
[1101/000439.724:ERROR:process_memory_win.cc(73)] ReadMemory at 0x1dd94cdfcb0 of 132 bytes failed: Only part of a ReadProcessMemory or WriteProcessMemory request was completed. (0x12B)
[1101/000439.724:ERROR:process_memory_win.cc(73)] ReadMemory at 0x1dd94cdfde0 of 132 bytes failed: Only part of a ReadProcessMemory or WriteProcessMemory request was completed. (0x12B)
[1101/000439.724:ERROR:process_memory_win.cc(73)] ReadMemory at 0x1dd94cdff10 of 132 bytes failed: Only part of a ReadProcessMemory or WriteProcessMemory request was completed. (0x12B)
[1101/000439.992:ERROR:process_memory_win.cc(73)] ReadMemory at 0x1dd94ce0040 of 132 bytes failed: Only part of a ReadProcessMemory or WriteProcessMemory request was completed. (0x12B)
[1101/000439.992:ERROR:process_memory_win.cc(73)] ReadMemory at 0x1dd94ce02a0 of 132 bytes failed: Only part of a ReadProcessMemory or WriteProcessMemory request was completed. (0x12B)
[1101/000439.992:ERROR:process_memory_win.cc(73)] ReadMemory at 0x1dd94ce03d0 of 132 bytes failed: Only part of a ReadProcessMemory or WriteProcessMemory request was completed. (0x12B)
[1101/000439.992:ERROR:process_memory_win.cc(73)] ReadMemory at 0x1dd94ce1200 of 76 bytes failed: Only part of a ReadProcessMemory or WriteProcessMemory request was completed. (0x12B)
[1101/000439.992:ERROR:process_memory_win.cc(73)] ReadMemory at 0x1dd94ce1440 of 80 bytes failed: Only part of a ReadProcessMemory or WriteProcessMemory request was completed. (0x12B)
[1101/000439.992:ERROR:process_memory_win.cc(73)] ReadMemory at 0x1dd94ce2770 of 132 bytes failed: Only part of a ReadProcessMemory or WriteProcessMemory request was completed. (0x12B)
[1101/000439.992:ERROR:process_memory_win.cc(73)] ReadMemory at 0x1dd94ce2980 of 132 bytes failed: Only part of a ReadProcessMemory or WriteProcessMemory request was completed. (0x12B)
[1101/000439.992:ERROR:process_memory_win.cc(73)] ReadMemory at 0x1dd94ce32a0 of 62 bytes failed: Only part of a ReadProcessMemory or WriteProcessMemory request was completed. (0x12B)
[1101/000439.992:ERROR:process_memory_win.cc(73)] ReadMemory at 0x1dd94ce4660 of 80 bytes failed: Only part of a ReadProcessMemory or WriteProcessMemory request was completed. (0x12B)
[1101/000440.149:ERROR:process_memory_win.cc(73)] ReadMemory at 0x1dd94ce5d20 of 132 bytes failed: Only part of a ReadProcessMemory or WriteProcessMemory request was completed. (0x12B)
[1101/000440.149:ERROR:process_memory_win.cc(73)] ReadMemory at 0x1dd94ce5f00 of 146 bytes failed: Only part of a ReadProcessMemory or WriteProcessMemory request was completed. (0x12B)
[1101/000440.149:ERROR:process_memory_win.cc(73)] ReadMemory at 0x1dd94ce6850 of 58 bytes failed: Only part of a ReadProcessMemory or WriteProcessMemory request was completed. (0x12B)
[1101/000440.149:ERROR:process_memory_win.cc(73)] ReadMemory at 0x1dd94ce68a0 of 62 bytes failed: Only part of a ReadProcessMemory or WriteProcessMemory request was completed. (0x12B)
[1101/000440.149:ERROR:process_memory_win.cc(73)] ReadMemory at 0x1dd94ce68f0 of 64 bytes failed: Only part of a ReadProcessMemory or WriteProcessMemory request was completed. (0x12B)
[1101/000440.149:ERROR:process_memory_win.cc(73)] ReadMemory at 0x1dd94ce6940 of 60 bytes failed: Only part of a ReadProcessMemory or WriteProcessMemory request was completed. (0x12B)
[1101/000440.149:ERROR:process_memory_win.cc(73)] ReadMemory at 0x1dd94ce69e0 of 66 bytes failed: Only part of a ReadProcessMemory or WriteProcessMemory request was completed. (0x12B)
[1101/000440.149:ERROR:process_memory_win.cc(73)] ReadMemory at 0x1dd94ce6a30 of 64 bytes failed: Only part of a ReadProcessMemory or WriteProcessMemory request was completed. (0x12B)
[1101/000440.149:ERROR:process_memory_win.cc(73)] ReadMemory at 0x1dd94ce6ad0 of 64 bytes failed: Only part of a ReadProcessMemory or WriteProcessMemory request was completed. (0x12B)
[1101/000440.150:ERROR:process_memory_win.cc(73)] ReadMemory at 0x1dd94ce6b20 of 62 bytes failed: Only part of a ReadProcessMemory or WriteProcessMemory request was completed. (0x12B)
[1101/000440.150:ERROR:process_memory_win.cc(73)] ReadMemory at 0x1dd94ce6c60 of 64 bytes failed: Only part of a ReadProcessMemory or WriteProcessMemory request was completed. (0x12B)
[1101/000440.150:ERROR:process_memory_win.cc(73)] ReadMemory at 0x1dd94ce6cb0 of 64 bytes failed: Only part of a ReadProcessMemory or WriteProcessMemory request was completed. (0x12B)
[1101/000440.201:ERROR:process_memory_win.cc(73)] ReadMemory at 0x1dd94ce6d50 of 64 bytes failed: Only part of a ReadProcessMemory or WriteProcessMemory request was completed. (0x12B)
[1101/000440.201:ERROR:process_memory_win.cc(73)] ReadMemory at 0x1dd94ce6da0 of 62 bytes failed: Only part of a ReadProcessMemory or WriteProcessMemory request was completed. (0x12B)
[1101/000440.201:ERROR:process_memory_win.cc(73)] ReadMemory at 0x1dd94ce6e40 of 68 bytes failed: Only part of a ReadProcessMemory or WriteProcessMemory request was completed. (0x12B)
[1101/000440.201:ERROR:process_memory_win.cc(73)] ReadMemory at 0x1dd94ce6f30 of 62 bytes failed: Only part of a ReadProcessMemory or WriteProcessMemory request was completed. (0x12B)
[1101/000440.201:ERROR:process_memory_win.cc(73)] ReadMemory at 0x1dd94ce6f80 of 62 bytes failed: Only part of a ReadProcessMemory or WriteProcessMemory request was completed. (0x12B)
[1101/000440.276:ERROR:process_memory_win.cc(73)] ReadMemory at 0x1dd94ce7020 of 62 bytes failed: Only part of a ReadProcessMemory or WriteProcessMemory request was completed. (0x12B)
[1101/000440.326:ERROR:process_memory_win.cc(73)] ReadMemory at 0x1dd94ce7070 of 64 bytes failed: Only part of a ReadProcessMemory or WriteProcessMemory request was completed. (0x12B)
[1101/000440.326:ERROR:process_memory_win.cc(73)] ReadMemory at 0x1dd94ce70c0 of 64 bytes failed: Only part of a ReadProcessMemory or WriteProcessMemory request was completed. (0x12B)
[1101/000440.326:ERROR:process_memory_win.cc(73)] ReadMemory at 0x1dd94ce7160 of 60 bytes failed: Only part of a ReadProcessMemory or WriteProcessMemory request was completed. (0x12B)
[1101/000440.326:ERROR:process_memory_win.cc(73)] ReadMemory at 0x1dd94ce72a0 of 62 bytes failed: Only part of a ReadProcessMemory or WriteProcessMemory request was completed. (0x12B)
[1101/000440.347:ERROR:process_memory_win.cc(73)] ReadMemory at 0x1dd94ce7390 of 60 bytes failed: Only part of a ReadProcessMemory or WriteProcessMemory request was completed. (0x12B)
[1101/000440.347:ERROR:process_memory_win.cc(73)] ReadMemory at 0x1dd94ce7430 of 60 bytes failed: Only part of a ReadProcessMemory or WriteProcessMemory request was completed. (0x12B)
[1101/000440.347:ERROR:process_memory_win.cc(73)] ReadMemory at 0x1dd94ce7480 of 62 bytes failed: Only part of a ReadProcessMemory or WriteProcessMemory request was completed. (0x12B)
[1101/000440.347:ERROR:process_memory_win.cc(73)] ReadMemory at 0x1dd94ce75c0 of 60 bytes failed: Only part of a ReadProcessMemory or WriteProcessMemory request was completed. (0x12B)
[1101/000440.347:ERROR:process_memory_win.cc(73)] ReadMemory at 0x1dd94ce7610 of 60 bytes failed: Only part of a ReadProcessMemory or WriteProcessMemory request was completed. (0x12B)
[1101/000440.347:ERROR:process_memory_win.cc(73)] ReadMemory at 0x1dd94ce7660 of 62 bytes failed: Only part of a ReadProcessMemory or WriteProcessMemory request was completed. (0x12B)
[1101/000440.347:ERROR:process_memory_win.cc(73)] ReadMemory at 0x1dd94ce76b0 of 66 bytes failed: Only part of a ReadProcessMemory or WriteProcessMemory request was completed. (0x12B)
[1101/000440.347:ERROR:process_memory_win.cc(73)] ReadMemory at 0x1dd94ce77c0 of 132 bytes failed: Only part of a ReadProcessMemory or WriteProcessMemory request was completed. (0x12B)
[1101/000440.347:ERROR:process_memory_win.cc(73)] ReadMemory at 0x1dd94ce80b0 of 54 bytes failed: Only part of a ReadProcessMemory or WriteProcessMemory request was completed. (0x12B)
[1101/000440.347:ERROR:process_memory_win.cc(73)] ReadMemory at 0x1dd94ce9530 of 132 bytes failed: Only part of a ReadProcessMemory or WriteProcessMemory request was completed. (0x12B)
[1101/000440.347:ERROR:process_memory_win.cc(73)] ReadMemory at 0x1dd94ce9930 of 132 bytes failed: Only part of a ReadProcessMemory or WriteProcessMemory request was completed. (0x12B)
[1101/000440.347:ERROR:process_memory_win.cc(73)] ReadMemory at 0x1dd94cef970 of 132 bytes failed: Only part of a ReadProcessMemory or WriteProcessMemory request was completed. (0x12B)
[1101/000440.347:ERROR:process_memory_win.cc(73)] ReadMemory at 0x1dd94cefcd0 of 132 bytes failed: Only part of a ReadProcessMemory or WriteProcessMemory request was completed. (0x12B)
[1101/000440.347:ERROR:process_memory_win.cc(73)] ReadMemory at 0x1dd94cf0260 of 132 bytes failed: Only part of a ReadProcessMemory or WriteProcessMemory request was completed. (0x12B)
[1101/000440.347:ERROR:process_memory_win.cc(73)] ReadMemory at 0x1dd94cf04c0 of 132 bytes failed: Only part of a ReadProcessMemory or WriteProcessMemory request was completed. (0x12B)
[1101/000440.347:ERROR:process_memory_win.cc(73)] ReadMemory at 0x1dd94cf05f0 of 132 bytes failed: Only part of a ReadProcessMemory or WriteProcessMemory request was completed. (0x12B)
[1101/000440.347:ERROR:process_memory_win.cc(73)] ReadMemory at 0x1dd94cf0720 of 132 bytes failed: Only part of a ReadProcessMemory or WriteProcessMemory request was completed. (0x12B)
[1101/000440.347:ERROR:process_memory_win.cc(73)] ReadMemory at 0x1dd94cf0850 of 132 bytes failed: Only part of a ReadProcessMemory or WriteProcessMemory request was completed. (0x12B)
[1101/000440.347:ERROR:process_memory_win.cc(73)] ReadMemory at 0x1dd94cf0ab0 of 132 bytes failed: Only part of a ReadProcessMemory or WriteProcessMemory request was completed. (0x12B)
[1101/000440.347:ERROR:process_memory_win.cc(73)] ReadMemory at 0x1dd94cf0d10 of 132 bytes failed: Only part of a ReadProcessMemory or WriteProcessMemory request was completed. (0x12B)
[1101/000440.347:ERROR:process_memory_win.cc(73)] ReadMemory at 0x1dd94cf1a20 of 132 bytes failed: Only part of a ReadProcessMemory or WriteProcessMemory request was completed. (0x12B)
[1101/000440.347:ERROR:process_memory_win.cc(73)] ReadMemory at 0x1dd94cf1b50 of 132 bytes failed: Only part of a ReadProcessMemory or WriteProcessMemory request was completed. (0x12B)
[1101/000440.348:ERROR:process_memory_win.cc(73)] ReadMemory at 0x1dd94cf1c80 of 132 bytes failed: Only part of a ReadProcessMemory or WriteProcessMemory request was completed. (0x12B)
[1101/000440.348:ERROR:process_memory_win.cc(73)] ReadMemory at 0x1dd94cf1db0 of 132 bytes failed: Only part of a ReadProcessMemory or WriteProcessMemory request was completed. (0x12B)
[1101/000440.348:ERROR:process_memory_win.cc(73)] ReadMemory at 0x1dd94d3ff90 of 512 bytes failed: Only part of a ReadProcessMemory or WriteProcessMemory request was completed. (0x12B)
[1101/000440.348:ERROR:process_memory_win.cc(73)] ReadMemory at 0x1dd94d412e0 of 512 bytes failed: Only part of a ReadProcessMemory or WriteProcessMemory request was completed. (0x12B)
[1101/000440.348:ERROR:process_memory_win.cc(73)] ReadMemory at 0x1dd94d53890 of 512 bytes failed: Only part of a ReadProcessMemory or WriteProcessMemory request was completed. (0x12B)
[1101/000440.348:ERROR:process_memory_win.cc(73)] ReadMemory at 0x1dd94d59160 of 512 bytes failed: Only part of a ReadProcessMemory or WriteProcessMemory request was completed. (0x12B)
[1101/000440.507:ERROR:process_memory_win.cc(73)] ReadMemory at 0x1dd94d61c00 of 712 bytes failed: Only part of a ReadProcessMemory or WriteProcessMemory request was completed. (0x12B)
[1101/000440.507:ERROR:process_memory_win.cc(73)] ReadMemory at 0x1dd94d84490 of 512 bytes failed: Only part of a ReadProcessMemory or WriteProcessMemory request was completed. (0x12B)
[1101/000440.507:ERROR:process_memory_win.cc(73)] ReadMemory at 0x1dd94d90350 of 512 bytes failed: Only part of a ReadProcessMemory or WriteProcessMemory request was completed. (0x12B)
[1101/000440.507:ERROR:process_memory_win.cc(73)] ReadMemory at 0x1dd94d9ec60 of 512 bytes failed: Only part of a ReadProcessMemory or WriteProcessMemory request was completed. (0x12B)
[1101/000440.507:ERROR:process_memory_win.cc(73)] ReadMemory at 0x1dd94dbbe46 of 1100 bytes failed: Only part of a ReadProcessMemory or WriteProcessMemory request was completed. (0x12B)
[1101/000440.507:ERROR:process_memory_win.cc(73)] ReadMemory at 0x1dd94dbc2a6 of 512 bytes failed: Only part of a ReadProcessMemory or WriteProcessMemory request was completed. (0x12B)
[1101/000440.507:ERROR:process_memory_win.cc(73)] ReadMemory at 0x1dd9669f3b8 of 512 bytes failed: Only part of a ReadProcessMemory or WriteProcessMemory request was completed. (0x12B)
[1101/000440.507:ERROR:process_memory_win.cc(73)] ReadMemory at 0x1dd9669fc28 of 656 bytes failed: Only part of a ReadProcessMemory or WriteProcessMemory request was completed. (0x12B)
[1101/000440.507:ERROR:process_memory_win.cc(73)] ReadMemory at 0x1dd966a0648 of 512 bytes failed: Only part of a ReadProcessMemory or WriteProcessMemory request was completed. (0x12B)
[1101/000440.507:ERROR:process_memory_win.cc(73)] ReadMemory at 0x1dd966a0ac8 of 512 bytes failed: Only part of a ReadProcessMemory or WriteProcessMemory request was completed. (0x12B)
[1101/000440.507:ERROR:process_memory_win.cc(73)] ReadMemory at 0x1dd966aa280 of 512 bytes failed: Only part of a ReadProcessMemory or WriteProcessMemory request was completed. (0x12B)
[1101/000440.507:ERROR:process_memory_win.cc(73)] ReadMemory at 0x1dd96757ab0 of 512 bytes failed: Only part of a ReadProcessMemory or WriteProcessMemory request was completed. (0x12B)
[1101/000440.507:ERROR:process_memory_win.cc(73)] ReadMemory at 0x1dd967c3a80 of 512 bytes failed: Only part of a ReadProcessMemory or WriteProcessMemory request was completed. (0x12B)
[1101/000440.507:ERROR:process_memory_win.cc(73)] ReadMemory at 0x1dd96e02270 of 512 bytes failed: Only part of a ReadProcessMemory or WriteProcessMemory request was completed. (0x12B)
[1101/000440.507:ERROR:process_memory_win.cc(73)] ReadMemory at 0x1dd96fbd7e8 of 512 bytes failed: Only part of a ReadProcessMemory or WriteProcessMemory request was completed. (0x12B)
[1101/000440.507:ERROR:process_memory_win.cc(73)] ReadMemory at 0x1dd9707cf30 of 512 bytes failed: Only part of a ReadProcessMemory or WriteProcessMemory request was completed. (0x12B)
[1101/000440.507:ERROR:process_memory_win.cc(73)] ReadMemory at 0x1dd97bf54a0 of 512 bytes failed: Only part of a ReadProcessMemory or WriteProcessMemory request was completed. (0x12B)
[1101/000440.507:ERROR:process_memory_win.cc(73)] ReadMemory at 0x1dd9b675480 of 512 bytes failed: Only part of a ReadProcessMemory or WriteProcessMemory request was completed. (0x12B)
[1101/000440.507:ERROR:process_memory_win.cc(73)] ReadMemory at 0x1dd9b709a80 of 512 bytes failed: Only part of a ReadProcessMemory or WriteProcessMemory request was completed. (0x12B)
[1101/000440.507:ERROR:process_memory_win.cc(73)] ReadMemory at 0x1dd9b736540 of 515 bytes failed: Only part of a ReadProcessMemory or WriteProcessMemory request was completed. (0x12B)
[1101/000440.507:ERROR:process_memory_win.cc(73)] ReadMemory at 0x1dda7f8b650 of 512 bytes failed: Only part of a ReadProcessMemory or WriteProcessMemory request was completed. (0x12B)
[1101/000440.508:ERROR:process_memory_win.cc(73)] ReadMemory at 0x7fff4b042723 of 512 bytes failed: Only part of a ReadProcessMemory or WriteProcessMemory request was completed. (0x12B)
[1101/000440.508:ERROR:process_memory_win.cc(73)] ReadMemory at 0x7fff4b0429d0 of 512 bytes failed: Only part of a ReadProcessMemory or WriteProcessMemory request was completed. (0x12B)
[1101/000440.508:ERROR:process_memory_win.cc(73)] ReadMemory at 0x7fff66935810 of 512 bytes failed: Only part of a ReadProcessMemory or WriteProcessMemory request was completed. (0x12B)
[1101/000440.508:ERROR:process_memory_win.cc(73)] ReadMemory at 0x7fff66935ed7 of 512 bytes failed: Only part of a ReadProcessMemory or WriteProcessMemory request was completed. (0x12B)
[1101/000440.508:ERROR:process_memory_win.cc(73)] ReadMemory at 0x7fffa25e21f0 of 512 bytes failed: Only part of a ReadProcessMemory or WriteProcessMemory request was completed. (0x12B)
[1101/000440.508:ERROR:process_memory_win.cc(73)] ReadMemory at 0x7fffa47fff10 of 512 bytes failed: Only part of a ReadProcessMemory or WriteProcessMemory request was completed. (0x12B)
[1101/000440.508:ERROR:process_memory_win.cc(73)] ReadMemory at 0x7fffa484f764 of 672 bytes failed: Only part of a ReadProcessMemory or WriteProcessMemory request was completed. (0x12B)
[1101/000440.508:ERROR:process_memory_win.cc(73)] ReadMemory at 0x7fffa4852ff4 of 608 bytes failed: Only part of a ReadProcessMemory or WriteProcessMemory request was completed. (0x12B)
[1101/000440.508:ERROR:process_memory_win.cc(73)] ReadMemory at 0x7fffa48dc0d8 of 18 bytes failed: Only part of a ReadProcessMemory or WriteProcessMemory request was completed. (0x12B)
[1101/000440.508:ERROR:process_memory_win.cc(73)] ReadMemory at 0x7fffa490f4f8 of 40 bytes failed: Only part of a ReadProcessMemory or WriteProcessMemory request was completed. (0x12B)
[1101/000440.508:ERROR:process_memory_win.cc(73)] ReadMemory at 0x7fffa490f978 of 48 bytes failed: Only part of a ReadProcessMemory or WriteProcessMemory request was completed. (0x12B)
[1101/000440.508:ERROR:process_memory_win.cc(73)] ReadMemory at 0x7fffa49153a0 of 64 bytes failed: Only part of a ReadProcessMemory or WriteProcessMemory request was completed. (0x12B)
[1101/000440.510:ERROR:scoped_process_suspend.cc(40)] NtResumeProcess: An attempt was made to access an exiting process. (0xc000010a)
